{"uid":"46d0a6e412388f0a","name":"TC 03.002 Success notification is displayed after click on 'Click here' button","fullName":"tests.test_03_notifications.TestAddRemoveElements#test_03_002_success_notif_is_displayed_after_click_here","historyId":"d3af837cfa926b95415f6d1a6b957d88","time":{"start":1743496332143,"stop":1743496344063,"duration":11920},"status":"failed","statusMessage":"AssertionError: assert False\n +  where False = <bound method NotificationPage.is_success_notification_displayed of <src.pages.notification_page.NotificationPage object at 0x7efef2516c50>>()\n +    where <bound method NotificationPage.is_success_notification_displayed of <src.pages.notification_page.NotificationPage object at 0x7efef2516c50>> = <src.pages.notification_page.NotificationPage object at 0x7efef2516c50>.is_success_notification_displayed","statusTrace":"self = <test_03_notifications.TestAddRemoveElements object at 0x7efef147a2d0>\n\n    @allure.title(\n        \"TC 03.002 Success notification is displayed \"\n        \"after click on 'Click here' button\"\n    )\n    def test_03_002_success_notif_is_displayed_after_click_here(self):\n        notif_page = NotificationPage(self.driver)\n        notif_page.open()\n        notif_page.show_notification()\n>       assert notif_page.is_success_notification_displayed()\nE       assert False\nE        +  where False = <bound method NotificationPage.is_success_notification_displayed of <src.pages.notification_page.NotificationPage object at 0x7efef2516c50>>()\nE        +    where <bound method NotificationPage.is_success_notification_displayed of <src.pages.notification_page.NotificationPage object at 0x7efef2516c50>> = <src.pages.notification_page.NotificationPage object at 0x7efef2516c50>.is_success_notification_displayed\n\ntests/test_03_notifications.py:22: AssertionError","flaky":false,"newFailed":false,"newBroken":false,"newPassed":false,"retriesCount":0,"retriesStatusChange":false,"beforeStages":[{"name":"_session_faker","time":{"start":1743496277623,"stop":1743496277684,"duration":61},"status":"passed","steps":[],"attachments":[],"parameters":[],"shouldDisplayMessage":false,"stepsCount":0,"attachmentsCount":0,"hasContent":false,"attachmentStep":false},{"name":"config","time":{"start":1743496277684,"stop":1743496277684,"duration":0},"status":"passed","steps":[],"attachments":[],"parameters":[],"shouldDisplayMessage":false,"stepsCount":0,"attachmentsCount":0,"hasContent":false,"attachmentStep":false},{"name":"driver","time":{"start":1743496330848,"stop":1743496332142,"duration":1294},"status":"passed","steps":[],"attachments":[],"parameters":[],"shouldDisplayMessage":false,"stepsCount":0,"attachmentsCount":0,"hasContent":false,"attachmentStep":false},{"name":"setup","time":{"start":1743496332143,"stop":1743496332143,"duration":0},"status":"passed","steps":[],"attachments":[],"parameters":[],"shouldDisplayMessage":false,"stepsCount":0,"attachmentsCount":0,"hasContent":false,"attachmentStep":false}],"testStage":{"status":"failed","statusMessage":"AssertionError: assert False\n +  where False = <bound method NotificationPage.is_success_notification_displayed of <src.pages.notification_page.NotificationPage object at 0x7efef2516c50>>()\n +    where <bound method NotificationPage.is_success_notification_displayed of <src.pages.notification_page.NotificationPage object at 0x7efef2516c50>> = <src.pages.notification_page.NotificationPage object at 0x7efef2516c50>.is_success_notification_displayed","statusTrace":"self = <test_03_notifications.TestAddRemoveElements object at 0x7efef147a2d0>\n\n    @allure.title(\n        \"TC 03.002 Success notification is displayed \"\n        \"after click on 'Click here' button\"\n    )\n    def test_03_002_success_notif_is_displayed_after_click_here(self):\n        notif_page = NotificationPage(self.driver)\n        notif_page.open()\n        notif_page.show_notification()\n>       assert notif_page.is_success_notification_displayed()\nE       assert False\nE        +  where False = <bound method NotificationPage.is_success_notification_displayed of <src.pages.notification_page.NotificationPage object at 0x7efef2516c50>>()\nE        +    where <bound method NotificationPage.is_success_notification_displayed of <src.pages.notification_page.NotificationPage object at 0x7efef2516c50>> = <src.pages.notification_page.NotificationPage object at 0x7efef2516c50>.is_success_notification_displayed\n\ntests/test_03_notifications.py:22: AssertionError","steps":[{"name":"Open https://practice.expandtesting.com/notification-message-rendered page","time":{"start":1743496332143,"stop":1743496332875,"duration":732},"status":"passed","steps":[],"attachments":[],"parameters":[],"shouldDisplayMessage":false,"stepsCount":0,"attachmentsCount":0,"hasContent":false,"attachmentStep":false},{"name":"Show notification message","time":{"start":1743496332875,"stop":1743496333790,"duration":915},"status":"passed","steps":[],"attachments":[],"parameters":[],"shouldDisplayMessage":false,"stepsCount":0,"attachmentsCount":0,"hasContent":false,"attachmentStep":false},{"name":"Check if success notification message is displayed","time":{"start":1743496333790,"stop":1743496344063,"duration":10273},"status":"passed","steps":[],"attachments":[],"parameters":[],"shouldDisplayMessage":false,"stepsCount":0,"attachmentsCount":0,"hasContent":false,"attachmentStep":false}],"attachments":[],"parameters":[],"shouldDisplayMessage":true,"stepsCount":3,"attachmentsCount":0,"hasContent":true,"attachmentStep":false},"afterStages":[{"name":"driver::0","time":{"start":1743496344099,"stop":1743496344186,"duration":87},"status":"passed","steps":[],"attachments":[],"parameters":[],"shouldDisplayMessage":false,"stepsCount":0,"attachmentsCount":0,"hasContent":false,"attachmentStep":false}],"labels":[{"name":"feature","value":"Notifications"},{"name":"parentSuite","value":"tests"},{"name":"suite","value":"test_03_notifications"},{"name":"subSuite","value":"TestAddRemoveElements"},{"name":"host","value":"fv-az1778-797"},{"name":"thread","value":"2408-MainThread"},{"name":"framework","value":"pytest"},{"name":"language","value":"cpython3"},{"name":"package","value":"tests.test_03_notifications"},{"name":"resultFormat","value":"allure2"}],"parameters":[],"links":[],"hidden":false,"retry":false,"extra":{"severity":"normal","retries":[],"categories":[{"name":"Product defects","matchedStatuses":[],"flaky":false}],"tags":[]},"source":"46d0a6e412388f0a.json","parameterValues":[]}